<?xml version="1.0" encoding="UTF-8"?>
<!-- Generated by org.testng.reporters.JUnitXMLReporter -->
<testsuite hostname="DESKTOP-QAMIQP5" ignored="0" name="chromebrowser" tests="2" failures="2" timestamp="11 Jan 2020 04:28:18 GMT" time="0.11" errors="0">
  <testcase name="OpenFacebook" time="0.031" classname="CrossBrowserTesting.CBTDemo">
    <failure type="java.lang.NullPointerException">
      <![CDATA[java.lang.NullPointerException
at CrossBrowserTesting.CBTDemo.OpenFacebook(CBTDemo.java:32)
... Removed 25 stack frames]]>
    </failure>
  </testcase> <!-- OpenFacebook -->
  <testcase name="OpenGoogle" time="0.016" classname="CrossBrowserTesting.CBTDemo">
    <failure type="java.lang.NullPointerException">
      <![CDATA[java.lang.NullPointerException
at CrossBrowserTesting.CBTDemo.OpenGoogle(CBTDemo.java:38)
... Removed 25 stack frames]]>
    </failure>
  </testcase> <!-- OpenGoogle -->
</testsuite> <!-- chromebrowser -->
