<?xml version="1.0" encoding="UTF-8"?>
<!-- Generated by org.testng.reporters.JUnitXMLReporter -->
<testsuite hostname="DESKTOP-QAMIQP5" ignored="0" name="FireFox" tests="2" failures="2" timestamp="11 Jan 2020 06:21:33 GMT" time="0.125" errors="0">
  <testcase name="OpenFacebook" time="0.032" classname="CrossBrowserTesting.CBTDemo">
    <failure type="java.lang.NullPointerException">
      <![CDATA[java.lang.NullPointerException
at CrossBrowserTesting.CBTDemo.OpenFacebook(CBTDemo.java:37)
at java.util.concurrent.FutureTask.run(Unknown Source)
at java.util.concurrent.ThreadPoolExecutor.runWorker(Unknown Source)
at java.util.concurrent.ThreadPoolExecutor$Worker.run(Unknown Source)
at java.lang.Thread.run(Unknown Source)
... Removed 16 stack frames]]>
    </failure>
  </testcase> <!-- OpenFacebook -->
  <testcase name="OpenGoogle" time="0.0" classname="CrossBrowserTesting.CBTDemo">
    <failure type="java.lang.NullPointerException">
      <![CDATA[java.lang.NullPointerException
at CrossBrowserTesting.CBTDemo.OpenGoogle(CBTDemo.java:44)
at java.util.concurrent.FutureTask.run(Unknown Source)
at java.util.concurrent.ThreadPoolExecutor.runWorker(Unknown Source)
at java.util.concurrent.ThreadPoolExecutor$Worker.run(Unknown Source)
at java.lang.Thread.run(Unknown Source)
... Removed 16 stack frames]]>
    </failure>
  </testcase> <!-- OpenGoogle -->
</testsuite> <!-- FireFox -->
