<?xml version="1.0" encoding="UTF-8"?>
<!-- Generated by org.testng.reporters.JUnitXMLReporter -->
<testsuite hostname="DESKTOP-QAMIQP5" ignored="0" name="Regrassion" tests="3" failures="0" timestamp="30 Dec 2019 13:18:49 GMT" time="0.129" errors="0">
  <testcase name="m1" time="0.015" classname="UsingAnotation.TestAnnotation"/>
  <testcase name="m3" time="0.003" classname="UsingAnotation.TestAnnotation"/>
  <testcase name="m1" time="0.004" classname="UsingAnotation.LoginTestCase"/>
</testsuite> <!-- Regrassion -->
