<?xml version="1.0" encoding="UTF-8"?>
<!-- Generated by org.testng.reporters.JUnitXMLReporter -->
<testsuite hostname="DESKTOP-QAMIQP5" ignored="0" name="EagarCrow" tests="2" failures="1" timestamp="17 Jan 2020 09:09:18 GMT" time="10.471" errors="0">
  <testcase name="windowHandleOfclass1" time="0.043" classname="TestNGDemo.Class1"/>
  <testcase name="windowHandleOfclass2" time="0.006" classname="TestNGDemo.Class2">
    <failure type="java.lang.NullPointerException">
      <![CDATA[java.lang.NullPointerException
at TestNGDemo.Class2.windowHandleOfclass2(Class2.java:12)
... Removed 25 stack frames]]>
    </failure>
  </testcase> <!-- windowHandleOfclass2 -->
</testsuite> <!-- EagarCrow -->
