<?xml version="1.0" encoding="UTF-8"?>
<testng-results skipped="0" failed="1" ignored="0" total="2" passed="1">
  <reporter-output>
  </reporter-output>
  <suite name="Default suite" duration-ms="86" started-at="2020-02-13T09:24:58Z" finished-at="2020-02-13T09:24:58Z">
    <groups>
    </groups>
    <test name="Default test" duration-ms="86" started-at="2020-02-13T09:24:58Z" finished-at="2020-02-13T09:24:58Z">
      <class name="UsingAnotation.TestAnnotation">
        <test-method status="PASS" signature="m5()[pri:0, instance:UsingAnotation.TestAnnotation@3a82f6ef]" name="m5" is-config="true" duration-ms="32" started-at="2020-02-13T09:24:58Z" finished-at="2020-02-13T09:24:58Z">
          <reporter-output>
          </reporter-output>
        </test-method> <!-- m5 -->
        <test-method status="PASS" signature="m2()[pri:0, instance:UsingAnotation.TestAnnotation@3a82f6ef]" name="m2" is-config="true" duration-ms="0" started-at="2020-02-13T09:24:58Z" finished-at="2020-02-13T09:24:58Z">
          <reporter-output>
          </reporter-output>
        </test-method> <!-- m2 -->
        <test-method status="PASS" signature="m10()[pri:0, instance:UsingAnotation.TestAnnotation@3a82f6ef]" name="m10" is-config="true" duration-ms="0" started-at="2020-02-13T09:24:58Z" finished-at="2020-02-13T09:24:58Z">
          <reporter-output>
          </reporter-output>
        </test-method> <!-- m10 -->
        <test-method status="FAIL" signature="m1(java.lang.String, java.lang.String)[pri:0, instance:UsingAnotation.TestAnnotation@3a82f6ef]" name="m1" duration-ms="0" started-at="2020-02-13T09:24:58Z" finished-at="2020-02-13T09:24:58Z">
          <exception class="org.testng.TestNGException">
            <message>
              <![CDATA[
Parameter 'rollNumber' is required by @Test on method m1 but has not been marked @Optional or defined
in C:\Users\hi\AppData\Local\Temp\testng-eclipse-197620717\testng-customsuite.xml]]>
            </message>
            <full-stacktrace>
              <![CDATA[org.testng.TestNGException: 
Parameter 'rollNumber' is required by @Test on method m1 but has not been marked @Optional or defined
in C:\Users\hi\AppData\Local\Temp\testng-eclipse-197620717\testng-customsuite.xml
at org.testng.internal.Parameters.createParams(Parameters.java:290)
at org.testng.internal.Parameters.createParametersForMethod(Parameters.java:359)
at org.testng.internal.Parameters.createParameters(Parameters.java:620)
at org.testng.internal.Parameters.handleParameters(Parameters.java:769)
at org.testng.internal.ParameterHandler.handleParameters(ParameterHandler.java:49)
at org.testng.internal.ParameterHandler.createParameters(ParameterHandler.java:37)
at org.testng.internal.Invoker.invokeTestMethods(Invoker.java:924)
at org.testng.internal.TestMethodWorker.invokeTestMethods(TestMethodWorker.java:125)
at org.testng.internal.TestMethodWorker.run(TestMethodWorker.java:109)
at org.testng.TestRunner.privateRun(TestRunner.java:648)
at org.testng.TestRunner.run(TestRunner.java:505)
at org.testng.SuiteRunner.runTest(SuiteRunner.java:455)
at org.testng.SuiteRunner.runSequentially(SuiteRunner.java:450)
at org.testng.SuiteRunner.privateRun(SuiteRunner.java:415)
at org.testng.SuiteRunner.run(SuiteRunner.java:364)
at org.testng.SuiteRunnerWorker.runSuite(SuiteRunnerWorker.java:52)
at org.testng.SuiteRunnerWorker.run(SuiteRunnerWorker.java:84)
at org.testng.TestNG.runSuitesSequentially(TestNG.java:1208)
at org.testng.TestNG.runSuitesLocally(TestNG.java:1137)
at org.testng.TestNG.runSuites(TestNG.java:1049)
at org.testng.TestNG.run(TestNG.java:1017)
at org.testng.remote.AbstractRemoteTestNG.run(AbstractRemoteTestNG.java:115)
at org.testng.remote.RemoteTestNG.initAndRun(RemoteTestNG.java:251)
at org.testng.remote.RemoteTestNG.main(RemoteTestNG.java:77)
]]>
            </full-stacktrace>
          </exception> <!-- org.testng.TestNGException -->
          <reporter-output>
          </reporter-output>
        </test-method> <!-- m1 -->
        <test-method status="PASS" signature="m7()[pri:0, instance:UsingAnotation.TestAnnotation@3a82f6ef]" name="m7" is-config="true" duration-ms="0" started-at="2020-02-13T09:24:58Z" finished-at="2020-02-13T09:24:58Z">
          <reporter-output>
          </reporter-output>
        </test-method> <!-- m7 -->
        <test-method status="PASS" signature="m3()[pri:0, instance:UsingAnotation.TestAnnotation@3a82f6ef]" name="m3" duration-ms="0" started-at="2020-02-13T09:24:58Z" finished-at="2020-02-13T09:24:58Z">
          <reporter-output>
          </reporter-output>
        </test-method> <!-- m3 -->
        <test-method status="PASS" signature="m8()[pri:0, instance:UsingAnotation.TestAnnotation@3a82f6ef]" name="m8" is-config="true" duration-ms="0" started-at="2020-02-13T09:24:58Z" finished-at="2020-02-13T09:24:58Z">
          <reporter-output>
          </reporter-output>
        </test-method> <!-- m8 -->
        <test-method status="PASS" signature="m11()[pri:0, instance:UsingAnotation.TestAnnotation@3a82f6ef]" name="m11" is-config="true" duration-ms="0" started-at="2020-02-13T09:24:58Z" finished-at="2020-02-13T09:24:58Z">
          <reporter-output>
          </reporter-output>
        </test-method> <!-- m11 -->
        <test-method status="PASS" signature="m4()[pri:0, instance:UsingAnotation.TestAnnotation@3a82f6ef]" name="m4" is-config="true" duration-ms="0" started-at="2020-02-13T09:24:58Z" finished-at="2020-02-13T09:24:58Z">
          <reporter-output>
          </reporter-output>
        </test-method> <!-- m4 -->
        <test-method status="PASS" signature="m6()[pri:0, instance:UsingAnotation.TestAnnotation@3a82f6ef]" name="m6" is-config="true" duration-ms="0" started-at="2020-02-13T09:24:59Z" finished-at="2020-02-13T09:24:59Z">
          <reporter-output>
          </reporter-output>
        </test-method> <!-- m6 -->
      </class> <!-- UsingAnotation.TestAnnotation -->
    </test> <!-- Default test -->
  </suite> <!-- Default suite -->
</testng-results>
